<?xml version="1.0" encoding="UTF-8"?>
<testsuite xmlns:xsi="http://www.w3.org/2001/XMLSchema-instance" xsi:noNamespaceSchemaLocation="https://maven.apache.org/surefire/maven-surefire-plugin/xsd/surefire-test-report-3.0.xsd" version="3.0" name="com.example.shortener.controller.ShortenerControllerTest" time="1.369" tests="17" errors="0" skipped="0" failures="0">
  <properties>
    <property name="java.specification.version" value="17"/>
    <property name="sun.jnu.encoding" value="UTF-8"/>
    <property name="java.class.path" value="/Users/javiermeza/projects/personal/zed-demo/target/test-classes:/Users/javiermeza/projects/personal/zed-demo/target/classes:/Users/javiermeza/.m2/repository/org/springframework/boot/spring-boot-starter-web/3.1.5/spring-boot-starter-web-3.1.5.jar:/Users/javiermeza/.m2/repository/org/springframework/boot/spring-boot-starter/3.1.5/spring-boot-starter-3.1.5.jar:/Users/javiermeza/.m2/repository/org/springframework/boot/spring-boot/3.1.5/spring-boot-3.1.5.jar:/Users/javiermeza/.m2/repository/org/springframework/boot/spring-boot-autoconfigure/3.1.5/spring-boot-autoconfigure-3.1.5.jar:/Users/javiermeza/.m2/repository/org/springframework/boot/spring-boot-starter-logging/3.1.5/spring-boot-starter-logging-3.1.5.jar:/Users/javiermeza/.m2/repository/ch/qos/logback/logback-classic/1.4.11/logback-classic-1.4.11.jar:/Users/javiermeza/.m2/repository/ch/qos/logback/logback-core/1.4.11/logback-core-1.4.11.jar:/Users/javiermeza/.m2/repository/org/apache/logging/log4j/log4j-to-slf4j/2.20.0/log4j-to-slf4j-2.20.0.jar:/Users/javiermeza/.m2/repository/org/apache/logging/log4j/log4j-api/2.20.0/log4j-api-2.20.0.jar:/Users/javiermeza/.m2/repository/org/slf4j/jul-to-slf4j/2.0.9/jul-to-slf4j-2.0.9.jar:/Users/javiermeza/.m2/repository/jakarta/annotation/jakarta.annotation-api/2.1.1/jakarta.annotation-api-2.1.1.jar:/Users/javiermeza/.m2/repository/org/yaml/snakeyaml/1.33/snakeyaml-1.33.jar:/Users/javiermeza/.m2/repository/org/springframework/boot/spring-boot-starter-json/3.1.5/spring-boot-starter-json-3.1.5.jar:/Users/javiermeza/.m2/repository/com/fasterxml/jackson/core/jackson-databind/2.15.3/jackson-databind-2.15.3.jar:/Users/javiermeza/.m2/repository/com/fasterxml/jackson/core/jackson-annotations/2.15.3/jackson-annotations-2.15.3.jar:/Users/javiermeza/.m2/repository/com/fasterxml/jackson/core/jackson-core/2.15.3/jackson-core-2.15.3.jar:/Users/javiermeza/.m2/repository/com/fasterxml/jackson/datatype/jackson-datatype-jdk8/2.15.3/jackson-datatype-jdk8-2.15.3.jar:/Users/javiermeza/.m2/repository/com/fasterxml/jackson/datatype/jackson-datatype-jsr310/2.15.3/jackson-datatype-jsr310-2.15.3.jar:/Users/javiermeza/.m2/repository/com/fasterxml/jackson/module/jackson-module-parameter-names/2.15.3/jackson-module-parameter-names-2.15.3.jar:/Users/javiermeza/.m2/repository/org/springframework/boot/spring-boot-starter-tomcat/3.1.5/spring-boot-starter-tomcat-3.1.5.jar:/Users/javiermeza/.m2/repository/org/apache/tomcat/embed/tomcat-embed-core/10.1.15/tomcat-embed-core-10.1.15.jar:/Users/javiermeza/.m2/repository/org/apache/tomcat/embed/tomcat-embed-el/10.1.15/tomcat-embed-el-10.1.15.jar:/Users/javiermeza/.m2/repository/org/apache/tomcat/embed/tomcat-embed-websocket/10.1.15/tomcat-embed-websocket-10.1.15.jar:/Users/javiermeza/.m2/repository/org/springframework/spring-web/6.0.13/spring-web-6.0.13.jar:/Users/javiermeza/.m2/repository/org/springframework/spring-beans/6.0.13/spring-beans-6.0.13.jar:/Users/javiermeza/.m2/repository/io/micrometer/micrometer-observation/1.11.5/micrometer-observation-1.11.5.jar:/Users/javiermeza/.m2/repository/io/micrometer/micrometer-commons/1.11.5/micrometer-commons-1.11.5.jar:/Users/javiermeza/.m2/repository/org/springframework/spring-webmvc/6.0.13/spring-webmvc-6.0.13.jar:/Users/javiermeza/.m2/repository/org/springframework/spring-aop/6.0.13/spring-aop-6.0.13.jar:/Users/javiermeza/.m2/repository/org/springframework/spring-context/6.0.13/spring-context-6.0.13.jar:/Users/javiermeza/.m2/repository/org/springframework/spring-expression/6.0.13/spring-expression-6.0.13.jar:/Users/javiermeza/.m2/repository/jakarta/validation/jakarta.validation-api/3.0.2/jakarta.validation-api-3.0.2.jar:/Users/javiermeza/.m2/repository/org/springframework/boot/spring-boot-starter-test/3.1.5/spring-boot-starter-test-3.1.5.jar:/Users/javiermeza/.m2/repository/org/springframework/boot/spring-boot-test/3.1.5/spring-boot-test-3.1.5.jar:/Users/javiermeza/.m2/repository/org/springframework/boot/spring-boot-test-autoconfigure/3.1.5/spring-boot-test-autoconfigure-3.1.5.jar:/Users/javiermeza/.m2/repository/com/jayway/jsonpath/json-path/2.8.0/json-path-2.8.0.jar:/Users/javiermeza/.m2/repository/org/slf4j/slf4j-api/2.0.9/slf4j-api-2.0.9.jar:/Users/javiermeza/.m2/repository/jakarta/xml/bind/jakarta.xml.bind-api/4.0.1/jakarta.xml.bind-api-4.0.1.jar:/Users/javiermeza/.m2/repository/jakarta/activation/jakarta.activation-api/2.1.2/jakarta.activation-api-2.1.2.jar:/Users/javiermeza/.m2/repository/net/minidev/json-smart/2.4.11/json-smart-2.4.11.jar:/Users/javiermeza/.m2/repository/net/minidev/accessors-smart/2.4.11/accessors-smart-2.4.11.jar:/Users/javiermeza/.m2/repository/org/ow2/asm/asm/9.3/asm-9.3.jar:/Users/javiermeza/.m2/repository/org/hamcrest/hamcrest/2.2/hamcrest-2.2.jar:/Users/javiermeza/.m2/repository/org/junit/jupiter/junit-jupiter/5.9.3/junit-jupiter-5.9.3.jar:/Users/javiermeza/.m2/repository/org/junit/jupiter/junit-jupiter-api/5.9.3/junit-jupiter-api-5.9.3.jar:/Users/javiermeza/.m2/repository/org/opentest4j/opentest4j/1.2.0/opentest4j-1.2.0.jar:/Users/javiermeza/.m2/repository/org/junit/platform/junit-platform-commons/1.9.3/junit-platform-commons-1.9.3.jar:/Users/javiermeza/.m2/repository/org/apiguardian/apiguardian-api/1.1.2/apiguardian-api-1.1.2.jar:/Users/javiermeza/.m2/repository/org/junit/jupiter/junit-jupiter-params/5.9.3/junit-jupiter-params-5.9.3.jar:/Users/javiermeza/.m2/repository/org/junit/jupiter/junit-jupiter-engine/5.9.3/junit-jupiter-engine-5.9.3.jar:/Users/javiermeza/.m2/repository/org/junit/platform/junit-platform-engine/1.9.3/junit-platform-engine-1.9.3.jar:/Users/javiermeza/.m2/repository/org/mockito/mockito-junit-jupiter/5.3.1/mockito-junit-jupiter-5.3.1.jar:/Users/javiermeza/.m2/repository/org/skyscreamer/jsonassert/1.5.1/jsonassert-1.5.1.jar:/Users/javiermeza/.m2/repository/com/vaadin/external/google/android-json/0.0.20131108.vaadin1/android-json-0.0.20131108.vaadin1.jar:/Users/javiermeza/.m2/repository/org/springframework/spring-core/6.0.13/spring-core-6.0.13.jar:/Users/javiermeza/.m2/repository/org/springframework/spring-jcl/6.0.13/spring-jcl-6.0.13.jar:/Users/javiermeza/.m2/repository/org/springframework/spring-test/6.0.13/spring-test-6.0.13.jar:/Users/javiermeza/.m2/repository/org/xmlunit/xmlunit-core/2.9.1/xmlunit-core-2.9.1.jar:/Users/javiermeza/.m2/repository/org/assertj/assertj-core/3.24.2/assertj-core-3.24.2.jar:/Users/javiermeza/.m2/repository/net/bytebuddy/byte-buddy/1.14.9/byte-buddy-1.14.9.jar:/Users/javiermeza/.m2/repository/org/mockito/mockito-core/5.6.0/mockito-core-5.6.0.jar:/Users/javiermeza/.m2/repository/net/bytebuddy/byte-buddy-agent/1.14.9/byte-buddy-agent-1.14.9.jar:/Users/javiermeza/.m2/repository/org/objenesis/objenesis/3.3/objenesis-3.3.jar:"/>
    <property name="java.vm.vendor" value="Eclipse Adoptium"/>
    <property name="sun.arch.data.model" value="64"/>
    <property name="java.vendor.url" value="https://adoptium.net/"/>
    <property name="user.timezone" value="America/Costa_Rica"/>
    <property name="os.name" value="Mac OS X"/>
    <property name="java.vm.specification.version" value="17"/>
    <property name="sun.java.launcher" value="SUN_STANDARD"/>
    <property name="user.country" value="CR"/>
    <property name="sun.boot.library.path" value="/Users/javiermeza/.sdkman/candidates/java/17.0.16-tem/lib"/>
    <property name="sun.java.command" value="/Users/javiermeza/projects/personal/zed-demo/target/surefire/surefirebooter-20251016142233156_3.jar /Users/javiermeza/projects/personal/zed-demo/target/surefire 2025-10-16T14-22-33_120-jvmRun1 surefire-20251016142233156_1tmp surefire_0-20251016142233156_2tmp"/>
    <property name="http.nonProxyHosts" value="local|*.local|169.254/16|*.169.254/16"/>
    <property name="jdk.debug" value="release"/>
    <property name="test" value="ShortenerControllerTest"/>
    <property name="surefire.test.class.path" value="/Users/javiermeza/projects/personal/zed-demo/target/test-classes:/Users/javiermeza/projects/personal/zed-demo/target/classes:/Users/javiermeza/.m2/repository/org/springframework/boot/spring-boot-starter-web/3.1.5/spring-boot-starter-web-3.1.5.jar:/Users/javiermeza/.m2/repository/org/springframework/boot/spring-boot-starter/3.1.5/spring-boot-starter-3.1.5.jar:/Users/javiermeza/.m2/repository/org/springframework/boot/spring-boot/3.1.5/spring-boot-3.1.5.jar:/Users/javiermeza/.m2/repository/org/springframework/boot/spring-boot-autoconfigure/3.1.5/spring-boot-autoconfigure-3.1.5.jar:/Users/javiermeza/.m2/repository/org/springframework/boot/spring-boot-starter-logging/3.1.5/spring-boot-starter-logging-3.1.5.jar:/Users/javiermeza/.m2/repository/ch/qos/logback/logback-classic/1.4.11/logback-classic-1.4.11.jar:/Users/javiermeza/.m2/repository/ch/qos/logback/logback-core/1.4.11/logback-core-1.4.11.jar:/Users/javiermeza/.m2/repository/org/apache/logging/log4j/log4j-to-slf4j/2.20.0/log4j-to-slf4j-2.20.0.jar:/Users/javiermeza/.m2/repository/org/apache/logging/log4j/log4j-api/2.20.0/log4j-api-2.20.0.jar:/Users/javiermeza/.m2/repository/org/slf4j/jul-to-slf4j/2.0.9/jul-to-slf4j-2.0.9.jar:/Users/javiermeza/.m2/repository/jakarta/annotation/jakarta.annotation-api/2.1.1/jakarta.annotation-api-2.1.1.jar:/Users/javiermeza/.m2/repository/org/yaml/snakeyaml/1.33/snakeyaml-1.33.jar:/Users/javiermeza/.m2/repository/org/springframework/boot/spring-boot-starter-json/3.1.5/spring-boot-starter-json-3.1.5.jar:/Users/javiermeza/.m2/repository/com/fasterxml/jackson/core/jackson-databind/2.15.3/jackson-databind-2.15.3.jar:/Users/javiermeza/.m2/repository/com/fasterxml/jackson/core/jackson-annotations/2.15.3/jackson-annotations-2.15.3.jar:/Users/javiermeza/.m2/repository/com/fasterxml/jackson/core/jackson-core/2.15.3/jackson-core-2.15.3.jar:/Users/javiermeza/.m2/repository/com/fasterxml/jackson/datatype/jackson-datatype-jdk8/2.15.3/jackson-datatype-jdk8-2.15.3.jar:/Users/javiermeza/.m2/repository/com/fasterxml/jackson/datatype/jackson-datatype-jsr310/2.15.3/jackson-datatype-jsr310-2.15.3.jar:/Users/javiermeza/.m2/repository/com/fasterxml/jackson/module/jackson-module-parameter-names/2.15.3/jackson-module-parameter-names-2.15.3.jar:/Users/javiermeza/.m2/repository/org/springframework/boot/spring-boot-starter-tomcat/3.1.5/spring-boot-starter-tomcat-3.1.5.jar:/Users/javiermeza/.m2/repository/org/apache/tomcat/embed/tomcat-embed-core/10.1.15/tomcat-embed-core-10.1.15.jar:/Users/javiermeza/.m2/repository/org/apache/tomcat/embed/tomcat-embed-el/10.1.15/tomcat-embed-el-10.1.15.jar:/Users/javiermeza/.m2/repository/org/apache/tomcat/embed/tomcat-embed-websocket/10.1.15/tomcat-embed-websocket-10.1.15.jar:/Users/javiermeza/.m2/repository/org/springframework/spring-web/6.0.13/spring-web-6.0.13.jar:/Users/javiermeza/.m2/repository/org/springframework/spring-beans/6.0.13/spring-beans-6.0.13.jar:/Users/javiermeza/.m2/repository/io/micrometer/micrometer-observation/1.11.5/micrometer-observation-1.11.5.jar:/Users/javiermeza/.m2/repository/io/micrometer/micrometer-commons/1.11.5/micrometer-commons-1.11.5.jar:/Users/javiermeza/.m2/repository/org/springframework/spring-webmvc/6.0.13/spring-webmvc-6.0.13.jar:/Users/javiermeza/.m2/repository/org/springframework/spring-aop/6.0.13/spring-aop-6.0.13.jar:/Users/javiermeza/.m2/repository/org/springframework/spring-context/6.0.13/spring-context-6.0.13.jar:/Users/javiermeza/.m2/repository/org/springframework/spring-expression/6.0.13/spring-expression-6.0.13.jar:/Users/javiermeza/.m2/repository/jakarta/validation/jakarta.validation-api/3.0.2/jakarta.validation-api-3.0.2.jar:/Users/javiermeza/.m2/repository/org/springframework/boot/spring-boot-starter-test/3.1.5/spring-boot-starter-test-3.1.5.jar:/Users/javiermeza/.m2/repository/org/springframework/boot/spring-boot-test/3.1.5/spring-boot-test-3.1.5.jar:/Users/javiermeza/.m2/repository/org/springframework/boot/spring-boot-test-autoconfigure/3.1.5/spring-boot-test-autoconfigure-3.1.5.jar:/Users/javiermeza/.m2/repository/com/jayway/jsonpath/json-path/2.8.0/json-path-2.8.0.jar:/Users/javiermeza/.m2/repository/org/slf4j/slf4j-api/2.0.9/slf4j-api-2.0.9.jar:/Users/javiermeza/.m2/repository/jakarta/xml/bind/jakarta.xml.bind-api/4.0.1/jakarta.xml.bind-api-4.0.1.jar:/Users/javiermeza/.m2/repository/jakarta/activation/jakarta.activation-api/2.1.2/jakarta.activation-api-2.1.2.jar:/Users/javiermeza/.m2/repository/net/minidev/json-smart/2.4.11/json-smart-2.4.11.jar:/Users/javiermeza/.m2/repository/net/minidev/accessors-smart/2.4.11/accessors-smart-2.4.11.jar:/Users/javiermeza/.m2/repository/org/ow2/asm/asm/9.3/asm-9.3.jar:/Users/javiermeza/.m2/repository/org/hamcrest/hamcrest/2.2/hamcrest-2.2.jar:/Users/javiermeza/.m2/repository/org/junit/jupiter/junit-jupiter/5.9.3/junit-jupiter-5.9.3.jar:/Users/javiermeza/.m2/repository/org/junit/jupiter/junit-jupiter-api/5.9.3/junit-jupiter-api-5.9.3.jar:/Users/javiermeza/.m2/repository/org/opentest4j/opentest4j/1.2.0/opentest4j-1.2.0.jar:/Users/javiermeza/.m2/repository/org/junit/platform/junit-platform-commons/1.9.3/junit-platform-commons-1.9.3.jar:/Users/javiermeza/.m2/repository/org/apiguardian/apiguardian-api/1.1.2/apiguardian-api-1.1.2.jar:/Users/javiermeza/.m2/repository/org/junit/jupiter/junit-jupiter-params/5.9.3/junit-jupiter-params-5.9.3.jar:/Users/javiermeza/.m2/repository/org/junit/jupiter/junit-jupiter-engine/5.9.3/junit-jupiter-engine-5.9.3.jar:/Users/javiermeza/.m2/repository/org/junit/platform/junit-platform-engine/1.9.3/junit-platform-engine-1.9.3.jar:/Users/javiermeza/.m2/repository/org/mockito/mockito-junit-jupiter/5.3.1/mockito-junit-jupiter-5.3.1.jar:/Users/javiermeza/.m2/repository/org/skyscreamer/jsonassert/1.5.1/jsonassert-1.5.1.jar:/Users/javiermeza/.m2/repository/com/vaadin/external/google/android-json/0.0.20131108.vaadin1/android-json-0.0.20131108.vaadin1.jar:/Users/javiermeza/.m2/repository/org/springframework/spring-core/6.0.13/spring-core-6.0.13.jar:/Users/javiermeza/.m2/repository/org/springframework/spring-jcl/6.0.13/spring-jcl-6.0.13.jar:/Users/javiermeza/.m2/repository/org/springframework/spring-test/6.0.13/spring-test-6.0.13.jar:/Users/javiermeza/.m2/repository/org/xmlunit/xmlunit-core/2.9.1/xmlunit-core-2.9.1.jar:/Users/javiermeza/.m2/repository/org/assertj/assertj-core/3.24.2/assertj-core-3.24.2.jar:/Users/javiermeza/.m2/repository/net/bytebuddy/byte-buddy/1.14.9/byte-buddy-1.14.9.jar:/Users/javiermeza/.m2/repository/org/mockito/mockito-core/5.6.0/mockito-core-5.6.0.jar:/Users/javiermeza/.m2/repository/net/bytebuddy/byte-buddy-agent/1.14.9/byte-buddy-agent-1.14.9.jar:/Users/javiermeza/.m2/repository/org/objenesis/objenesis/3.3/objenesis-3.3.jar:"/>
    <property name="sun.cpu.endian" value="little"/>
    <property name="user.home" value="/Users/javiermeza"/>
    <property name="user.language" value="en"/>
    <property name="java.specification.vendor" value="Oracle Corporation"/>
    <property name="java.version.date" value="2025-07-15"/>
    <property name="java.home" value="/Users/javiermeza/.sdkman/candidates/java/17.0.16-tem"/>
    <property name="file.separator" value="/"/>
    <property name="basedir" value="/Users/javiermeza/projects/personal/zed-demo"/>
    <property name="java.vm.compressedOopsMode" value="Zero based"/>
    <property name="line.separator" value="&#10;"/>
    <property name="java.vm.specification.vendor" value="Oracle Corporation"/>
    <property name="java.specification.name" value="Java Platform API Specification"/>
    <property name="FILE_LOG_CHARSET" value="UTF-8"/>
    <property name="java.awt.headless" value="true"/>
    <property name="surefire.real.class.path" value="/Users/javiermeza/projects/personal/zed-demo/target/surefire/surefirebooter-20251016142233156_3.jar"/>
    <property name="sun.management.compiler" value="HotSpot 64-Bit Tiered Compilers"/>
    <property name="ftp.nonProxyHosts" value="local|*.local|169.254/16|*.169.254/16"/>
    <property name="java.runtime.version" value="17.0.16+8"/>
    <property name="user.name" value="javiermeza"/>
    <property name="path.separator" value=":"/>
    <property name="os.version" value="15.7.1"/>
    <property name="java.runtime.name" value="OpenJDK Runtime Environment"/>
    <property name="file.encoding" value="UTF-8"/>
    <property name="java.vm.name" value="OpenJDK 64-Bit Server VM"/>
    <property name="java.vendor.version" value="Temurin-17.0.16+8"/>
    <property name="localRepository" value="/Users/javiermeza/.m2/repository"/>
    <property name="java.vendor.url.bug" value="https://github.com/adoptium/adoptium-support/issues"/>
    <property name="java.io.tmpdir" value="/var/folders/k1/3mky3q853tl2bs0t96xcf2v80000gn/T/"/>
    <property name="java.version" value="17.0.16"/>
    <property name="user.dir" value="/Users/javiermeza/projects/personal/zed-demo"/>
    <property name="os.arch" value="aarch64"/>
    <property name="java.vm.specification.name" value="Java Virtual Machine Specification"/>
    <property name="PID" value="72503"/>
    <property name="CONSOLE_LOG_CHARSET" value="UTF-8"/>
    <property name="native.encoding" value="UTF-8"/>
    <property name="java.library.path" value="/Users/javiermeza/Library/Java/Extensions:/Library/Java/Extensions:/Network/Library/Java/Extensions:/System/Library/Java/Extensions:/usr/lib/java:."/>
    <property name="java.vm.info" value="mixed mode, sharing"/>
    <property name="java.vendor" value="Eclipse Adoptium"/>
    <property name="java.vm.version" value="17.0.16+8"/>
    <property name="java.specification.maintenance.version" value="1"/>
    <property name="sun.io.unicode.encoding" value="UnicodeBig"/>
    <property name="socksNonProxyHosts" value="local|*.local|169.254/16|*.169.254/16"/>
    <property name="java.class.version" value="61.0"/>
  </properties>
  <testcase name="shorten_withValidUrl_returnsShortCode" classname="com.example.shortener.controller.ShortenerControllerTest" time="0.121">
    <system-out><![CDATA[14:22:33.488 [main] INFO org.springframework.test.context.support.AnnotationConfigContextLoaderUtils -- Could not detect default configuration classes for test class [com.example.shortener.controller.ShortenerControllerTest]: ShortenerControllerTest does not declare any static, non-private, non-final, nested classes annotated with @Configuration.
14:22:33.553 [main] INFO org.springframework.boot.test.context.SpringBootTestContextBootstrapper -- Found @SpringBootConfiguration com.example.shortener.ShortenerApplication for test class com.example.shortener.controller.ShortenerControllerTest

  .   ____          _            __ _ _
 /\\ / ___'_ __ _ _(_)_ __  __ _ \ \ \ \
( ( )\___ | '_ | '_| | '_ \/ _` | \ \ \ \
 \\/  ___)| |_)| | | | | || (_| |  ) ) ) )
  '  |____| .__|_| |_|_| |_\__, | / / / /
 =========|_|==============|___/=/_/_/_/
 :: Spring Boot ::                (v3.1.5)

2025-10-16T14:22:33.686-06:00  INFO 72503 --- [           main] c.e.s.c.ShortenerControllerTest          : Starting ShortenerControllerTest using Java 17.0.16 with PID 72503 (started by javiermeza in /Users/javiermeza/projects/personal/zed-demo)
2025-10-16T14:22:33.687-06:00  INFO 72503 --- [           main] c.e.s.c.ShortenerControllerTest          : No active profile set, falling back to 1 default profile: "default"
2025-10-16T14:22:34.570-06:00  INFO 72503 --- [           main] o.s.b.t.m.w.SpringBootMockServletContext : Initializing Spring TestDispatcherServlet ''
2025-10-16T14:22:34.570-06:00  INFO 72503 --- [           main] o.s.t.web.servlet.TestDispatcherServlet  : Initializing Servlet ''
2025-10-16T14:22:34.572-06:00  INFO 72503 --- [           main] o.s.t.web.servlet.TestDispatcherServlet  : Completed initialization in 1 ms
2025-10-16T14:22:34.583-06:00  INFO 72503 --- [           main] c.e.s.c.ShortenerControllerTest          : Started ShortenerControllerTest in 1.003 seconds (process running for 1.392)
]]></system-out>
  </testcase>
  <testcase name="resolve_withSpecialCharactersInCode_handlesCorrectly" classname="com.example.shortener.controller.ShortenerControllerTest" time="0.006"/>
  <testcase name="shorten_withNullUrl_handledByService" classname="com.example.shortener.controller.ShortenerControllerTest" time="0.006"/>
  <testcase name="shorten_withVeryLongUrl_handlesCorrectly" classname="com.example.shortener.controller.ShortenerControllerTest" time="0.003"/>
  <testcase name="shorten_withHttpsUrl_returnsShortCode" classname="com.example.shortener.controller.ShortenerControllerTest" time="0.002"/>
  <testcase name="shorten_withHttpUrl_returnsShortCode" classname="com.example.shortener.controller.ShortenerControllerTest" time="0.002"/>
  <testcase name="resolve_withNullCode_returnsNotFound" classname="com.example.shortener.controller.ShortenerControllerTest" time="0.002"/>
  <testcase name="resolve_withMalformedJson_returnsBadRequest" classname="com.example.shortener.controller.ShortenerControllerTest" time="0.002">
    <system-out><![CDATA[2025-10-16T14:22:34.743-06:00  WARN 72503 --- [           main] .w.s.m.s.DefaultHandlerExceptionResolver : Resolved [org.springframework.http.converter.HttpMessageNotReadableException: JSON parse error: Unexpected character ('i' (code 105)): was expecting double-quote to start field name]
]]></system-out>
  </testcase>
  <testcase name="shorten_withBlankUrl_handledByService" classname="com.example.shortener.controller.ShortenerControllerTest" time="0.003"/>
  <testcase name="resolve_withMissingContentType_returnsUnsupportedMediaType" classname="com.example.shortener.controller.ShortenerControllerTest" time="0.003">
    <system-out><![CDATA[2025-10-16T14:22:34.750-06:00  WARN 72503 --- [           main] .w.s.m.s.DefaultHandlerExceptionResolver : Resolved [org.springframework.web.HttpMediaTypeNotSupportedException: Content-Type is not supported]
]]></system-out>
  </testcase>
  <testcase name="resolve_withUnknownCode_returnsNotFound" classname="com.example.shortener.controller.ShortenerControllerTest" time="0.002"/>
  <testcase name="resolve_withBlankCode_returnsNotFound" classname="com.example.shortener.controller.ShortenerControllerTest" time="0.002"/>
  <testcase name="shorten_whenCapacityExceeded_returnsServiceUnavailable" classname="com.example.shortener.controller.ShortenerControllerTest" time="0.004"/>
  <testcase name="shorten_withInvalidUrl_returnsBadRequest" classname="com.example.shortener.controller.ShortenerControllerTest" time="0.003"/>
  <testcase name="resolve_withKnownCode_returnsLongUrl" classname="com.example.shortener.controller.ShortenerControllerTest" time="0.003"/>
  <testcase name="shorten_withMalformedJson_returnsBadRequest" classname="com.example.shortener.controller.ShortenerControllerTest" time="0.001">
    <system-out><![CDATA[2025-10-16T14:22:34.771-06:00  WARN 72503 --- [           main] .w.s.m.s.DefaultHandlerExceptionResolver : Resolved [org.springframework.http.converter.HttpMessageNotReadableException: JSON parse error: Unexpected character ('i' (code 105)): was expecting double-quote to start field name]
]]></system-out>
  </testcase>
  <testcase name="shorten_withMissingContentType_returnsUnsupportedMediaType" classname="com.example.shortener.controller.ShortenerControllerTest" time="0.002">
    <system-out><![CDATA[2025-10-16T14:22:34.773-06:00  WARN 72503 --- [           main] .w.s.m.s.DefaultHandlerExceptionResolver : Resolved [org.springframework.web.HttpMediaTypeNotSupportedException: Content-Type is not supported]
]]></system-out>
  </testcase>
</testsuite>